https://wpfreelance.boxthemes.net/process-payment/?order_id=708&tx=2SC04750KX337131G&st=Completed&amt=39%2e00&cc=USD&cm=&item_number=123&sig=bgIv%2bnG1DbUuY8DqfWqGyCQRV4TQCTWI96Z1zxeQbu8nEvea23U2m5POcTUKiE92B5Slp%2bPCNH9jDuLy0EMnGSf1PCL31eQBOUEExwky4Knq9RWwVDxkxXh0WlZZcWZ%2fEd%2bBM07w4x04IRvDgsLjjyz5opHgYgfzWPc%2fCwbn0LI%3d

Order type: paypal
Array
(
    [order_id] => 708
    [mc_gross] => 39.00
    [invoice] => box_708
    [protection_eligibility] => Eligible
    [address_status] => confirmed
    [payer_id] => MFESFXF8A6TJW
    [address_street] => 1 Main St
    [payment_date] => 10:20:24 May 14, 2018 PDT
    [payment_status] => Completed
    [charset] => windows-1252
    [address_zip] => 95131
    [first_name] => Freelancer
    [mc_fee] => 1.43
    [address_country_code] => US
    [address_name] => Freelancer Staff\'s Test Store
    [notify_version] => 3.9
    [subscr_id] => I-G1SMH404EKTR
    [payer_status] => verified
    [business] => webowner@boxthemes.net
    [address_country] => United States
    [address_city] => San Jose
    [verify_sign] => ArYvfDy69r5yXWRGym1PAoksW6FZAsDGH3d42c0J9K8YZf5AwCra9beB
    [payer_email] => freelancer@etteam.com
    [txn_id] => 2SC04750KX337131G
    [order_gateway] => instant
    [payer_business_name] => Freelancer Staff\'s Test Store
    [last_name] => Staff
    [address_state] => CA
    [receiver_email] => webowner@boxthemes.net
    [payment_fee] => 1.43
    [receiver_id] => 6XESV6S86Q4WA
    [txn_type] => subscr_payment
    [item_name] => Subscription plan Default in Freelance marketplace WordPress Theme site
    [mc_currency] => USD
    [item_number] => 123
    [residence_country] => US
    [test_ipn] => 1
    [transaction_subject] => Subscription plan Default in Freelance marketplace WordPress Theme site
    [payment_gross] => 39.00
    [ipn_track_id] => 56de934c4d
)